mode: set
github.com/vigneshrajj/gofind/internal/database/commands.go:10.63,11.50 1 1
github.com/vigneshrajj/gofind/internal/database/commands.go:11.50,13.3 1 1
github.com/vigneshrajj/gofind/internal/database/commands.go:14.2,14.12 1 1
github.com/vigneshrajj/gofind/internal/database/commands.go:17.64,19.2 1 1
github.com/vigneshrajj/gofind/internal/database/commands.go:21.53,22.124 1 1
github.com/vigneshrajj/gofind/internal/database/commands.go:22.124,24.3 1 1
github.com/vigneshrajj/gofind/internal/database/commands.go:25.2,25.12 1 1
github.com/vigneshrajj/gofind/internal/database/commands.go:28.49,32.2 3 1
github.com/vigneshrajj/gofind/internal/database/commands.go:34.81,36.18 2 1
github.com/vigneshrajj/gofind/internal/database/commands.go:36.18,38.3 1 1
github.com/vigneshrajj/gofind/internal/database/commands.go:38.8,40.3 1 1
github.com/vigneshrajj/gofind/internal/database/commands.go:41.2,41.16 1 1
github.com/vigneshrajj/gofind/internal/database/commands.go:44.52,48.2 3 1
github.com/vigneshrajj/gofind/internal/database/commands.go:50.57,53.78 3 1
github.com/vigneshrajj/gofind/internal/database/commands.go:53.78,55.3 1 1
github.com/vigneshrajj/gofind/internal/database/commands.go:56.2,56.96 1 1
github.com/vigneshrajj/gofind/internal/database/commands.go:56.96,58.3 1 1
github.com/vigneshrajj/gofind/internal/database/commands.go:59.2,63.12 5 1
github.com/vigneshrajj/gofind/internal/database/db.go:11.68,13.16 2 1
github.com/vigneshrajj/gofind/internal/database/db.go:13.16,15.3 1 1
github.com/vigneshrajj/gofind/internal/database/db.go:17.2,20.23 3 1
github.com/vigneshrajj/gofind/internal/database/db.go:23.44,25.2 1 1
github.com/vigneshrajj/gofind/internal/database/db.go:27.46,58.42 2 1
github.com/vigneshrajj/gofind/internal/database/db.go:58.42,60.3 1 1
github.com/vigneshrajj/gofind/internal/database/db.go:63.49,108.45 2 1
github.com/vigneshrajj/gofind/internal/database/db.go:108.45,110.3 1 1
github.com/vigneshrajj/gofind/internal/handlers/commands.go:15.74,16.19 1 1
github.com/vigneshrajj/gofind/internal/handlers/commands.go:16.19,20.3 3 1
github.com/vigneshrajj/gofind/internal/handlers/commands.go:22.2,26.19 2 1
github.com/vigneshrajj/gofind/internal/handlers/commands.go:26.19,28.3 1 1
github.com/vigneshrajj/gofind/internal/handlers/commands.go:30.2,31.16 2 1
github.com/vigneshrajj/gofind/internal/handlers/commands.go:31.16,35.3 3 1
github.com/vigneshrajj/gofind/internal/handlers/commands.go:36.2,36.75 1 1
github.com/vigneshrajj/gofind/internal/handlers/commands.go:39.76,40.20 1 1
github.com/vigneshrajj/gofind/internal/handlers/commands.go:40.20,44.3 3 1
github.com/vigneshrajj/gofind/internal/handlers/commands.go:45.2,46.45 2 1
github.com/vigneshrajj/gofind/internal/handlers/commands.go:49.80,53.16 4 1
github.com/vigneshrajj/gofind/internal/handlers/commands.go:53.16,56.3 2 1
github.com/vigneshrajj/gofind/internal/handlers/commands.go:57.2,57.27 1 1
github.com/vigneshrajj/gofind/internal/handlers/commands.go:60.77,61.20 1 1
github.com/vigneshrajj/gofind/internal/handlers/commands.go:61.20,65.3 3 1
github.com/vigneshrajj/gofind/internal/handlers/commands.go:66.2,67.35 2 1
github.com/vigneshrajj/gofind/internal/handlers/commands.go:67.35,71.3 3 1
github.com/vigneshrajj/gofind/internal/handlers/commands.go:72.2,72.77 1 1
github.com/vigneshrajj/gofind/internal/handlers/commands.go:72.77,76.3 3 1
github.com/vigneshrajj/gofind/internal/handlers/commands.go:77.2,78.48 2 1
github.com/vigneshrajj/gofind/internal/handlers/query.go:16.39,18.24 2 1
github.com/vigneshrajj/gofind/internal/handlers/query.go:18.24,20.3 1 1
github.com/vigneshrajj/gofind/internal/handlers/query.go:21.2,22.22 2 1
github.com/vigneshrajj/gofind/internal/handlers/query.go:22.22,24.3 1 1
github.com/vigneshrajj/gofind/internal/handlers/query.go:25.2,25.13 1 1
github.com/vigneshrajj/gofind/internal/handlers/query.go:28.62,32.23 3 1
github.com/vigneshrajj/gofind/internal/handlers/query.go:32.23,34.3 1 0
github.com/vigneshrajj/gofind/internal/handlers/query.go:36.2,40.37 4 1
github.com/vigneshrajj/gofind/internal/handlers/query.go:40.37,42.22 2 1
github.com/vigneshrajj/gofind/internal/handlers/query.go:42.22,44.4 1 1
github.com/vigneshrajj/gofind/internal/handlers/query.go:47.2,47.42 1 1
github.com/vigneshrajj/gofind/internal/handlers/query.go:47.42,49.3 1 1
github.com/vigneshrajj/gofind/internal/handlers/query.go:51.2,51.14 1 1
github.com/vigneshrajj/gofind/internal/handlers/query.go:54.94,58.35 3 1
github.com/vigneshrajj/gofind/internal/handlers/query.go:58.35,62.3 3 1
github.com/vigneshrajj/gofind/internal/handlers/query.go:64.2,64.40 1 1
github.com/vigneshrajj/gofind/internal/handlers/query.go:64.40,67.3 2 1
github.com/vigneshrajj/gofind/internal/handlers/query.go:69.2,70.17 2 1
github.com/vigneshrajj/gofind/internal/handlers/query.go:70.17,74.3 3 0
github.com/vigneshrajj/gofind/internal/handlers/query.go:76.2,77.21 2 1
github.com/vigneshrajj/gofind/internal/handlers/query.go:77.21,79.3 1 0
github.com/vigneshrajj/gofind/internal/handlers/query.go:81.2,81.35 1 1
github.com/vigneshrajj/gofind/internal/handlers/query.go:81.35,85.3 3 1
github.com/vigneshrajj/gofind/internal/handlers/query.go:87.2,87.26 1 1
github.com/vigneshrajj/gofind/internal/handlers/query.go:87.26,88.34 1 1
github.com/vigneshrajj/gofind/internal/handlers/query.go:88.34,90.4 1 1
github.com/vigneshrajj/gofind/internal/handlers/query.go:91.3,92.26 2 1
github.com/vigneshrajj/gofind/internal/handlers/query.go:92.26,96.4 3 1
github.com/vigneshrajj/gofind/internal/handlers/query.go:97.3,98.9 2 1
github.com/vigneshrajj/gofind/internal/handlers/query.go:101.2,102.33 2 1
github.com/vigneshrajj/gofind/internal/handlers/query.go:102.33,105.3 2 1
github.com/vigneshrajj/gofind/internal/handlers/query.go:107.2,109.41 3 1
github.com/vigneshrajj/gofind/internal/handlers/query.go:109.41,113.3 3 1
github.com/vigneshrajj/gofind/internal/handlers/query.go:115.2,115.46 1 1
github.com/vigneshrajj/gofind/internal/handlers/query.go:118.85,119.17 1 1
github.com/vigneshrajj/gofind/internal/handlers/query.go:119.17,123.3 3 1
github.com/vigneshrajj/gofind/internal/handlers/query.go:124.2,125.17 2 1
github.com/vigneshrajj/gofind/internal/handlers/query.go:126.12,127.32 1 1
github.com/vigneshrajj/gofind/internal/handlers/query.go:128.12,129.35 1 1
github.com/vigneshrajj/gofind/internal/handlers/query.go:130.12,131.34 1 1
github.com/vigneshrajj/gofind/internal/handlers/query.go:132.10,133.38 1 1
github.com/vigneshrajj/gofind/internal/handlers/utilities.go:10.62,12.15 2 1
github.com/vigneshrajj/gofind/internal/handlers/utilities.go:13.13,14.25 1 1
github.com/vigneshrajj/gofind/internal/handlers/utilities.go:15.13,16.25 1 1
github.com/vigneshrajj/gofind/internal/handlers/utilities.go:17.16,18.28 1 1
github.com/vigneshrajj/gofind/internal/handlers/utilities.go:22.61,23.20 1 1
github.com/vigneshrajj/gofind/internal/handlers/utilities.go:23.20,27.3 3 1
github.com/vigneshrajj/gofind/internal/handlers/utilities.go:28.2,29.38 2 1
github.com/vigneshrajj/gofind/internal/handlers/utilities.go:32.58,33.20 1 1
github.com/vigneshrajj/gofind/internal/handlers/utilities.go:33.20,37.3 3 1
github.com/vigneshrajj/gofind/internal/handlers/utilities.go:38.2,39.44 2 1
github.com/vigneshrajj/gofind/internal/handlers/utilities.go:42.58,43.20 1 1
github.com/vigneshrajj/gofind/internal/handlers/utilities.go:43.20,47.3 3 1
github.com/vigneshrajj/gofind/internal/handlers/utilities.go:48.2,49.38 2 1
github.com/vigneshrajj/gofind/internal/helpers/helpers.go:9.33,11.2 1 1
github.com/vigneshrajj/gofind/internal/helpers/helpers.go:13.39,16.2 2 1
github.com/vigneshrajj/gofind/internal/helpers/helpers.go:18.33,24.2 5 1
github.com/vigneshrajj/gofind/internal/server/server.go:14.32,17.74 3 1
github.com/vigneshrajj/gofind/internal/server/server.go:17.74,20.3 2 1
github.com/vigneshrajj/gofind/internal/server/server.go:21.2,21.87 1 1
github.com/vigneshrajj/gofind/internal/server/server.go:21.87,23.3 1 1
github.com/vigneshrajj/gofind/internal/server/server.go:25.2,25.68 1 1
github.com/vigneshrajj/gofind/internal/server/server.go:25.68,27.3 1 1
github.com/vigneshrajj/gofind/internal/server/server.go:30.20,32.16 2 1
github.com/vigneshrajj/gofind/internal/server/server.go:32.16,35.3 2 0
github.com/vigneshrajj/gofind/internal/server/server.go:37.2,39.37 2 1
github.com/vigneshrajj/gofind/internal/server/server.go:39.37,41.3 1 1
github.com/vigneshrajj/gofind/internal/server/server.go:43.2,46.50 3 1
github.com/vigneshrajj/gofind/internal/templates/templates.go:13.85,16.35 2 1
github.com/vigneshrajj/gofind/internal/templates/templates.go:16.35,18.3 1 1
github.com/vigneshrajj/gofind/internal/templates/templates.go:20.2,20.24 1 1
github.com/vigneshrajj/gofind/internal/templates/templates.go:23.77,29.2 3 1
github.com/vigneshrajj/gofind/internal/templates/templates.go:35.57,41.2 3 1
github.com/vigneshrajj/gofind/internal/templates/templates.go:55.60,62.2 3 1
github.com/vigneshrajj/gofind/internal/templates/templates.go:64.66,71.2 3 1
github.com/vigneshrajj/gofind/internal/templates/templates.go:77.59,83.2 3 1
